<?xml version="1.0" encoding="UTF-8"?>
<testsuite name="Cucumber" time="2.934" tests="1" skipped="0" failures="0" errors="0">
<testcase classname="Get all List users" name="Get all user" time="2.724">
<system-out><![CDATA[
Given user is on reqres URL.................................................passed
When User hits the Users API................................................passed
Then all the Users is displayed.............................................passed
]]></system-out>
</testcase>
</testsuite>
