<?xml version="1.0" encoding="UTF-8"?>
<!-- Generated by org.testng.reporters.JUnitXMLReporter -->
<testsuite ignored="0" hostname="LIN-5CG11562TV" failures="0" tests="4" name="Test1" time="1.642" errors="0" timestamp="2024-05-21T10:01:00 IST">
  <testcase classname="TestNG.TestParameters1" name="getData" time="0.215"/>
  <testcase classname="TestNG.TestParameters1" name="addData" time="0.471"/>
  <testcase classname="TestNG.TestParameters1" name="addData" time="0.476"/>
  <testcase classname="TestNG.TestParameters1" name="addData" time="0.462"/>
</testsuite> <!-- Test1 -->
