<?xml version="1.0" encoding="UTF-8"?>
<!-- Generated by org.testng.reporters.JUnitXMLReporter -->
<testsuite ignored="0" hostname="LIN-5CG11562TV" failures="0" tests="4" name="Test2" time="1.489" errors="0" timestamp="2024-05-21T10:01:01 IST">
  <testcase classname="TestNG.TestParameters1" name="getData" time="0.209"/>
  <testcase classname="TestNG.TestParameters1" name="addData" time="0.457"/>
  <testcase classname="TestNG.TestParameters1" name="addData" time="0.407"/>
  <testcase classname="TestNG.TestParameters1" name="addData" time="0.401"/>
</testsuite> <!-- Test2 -->
